# JRE version: Java(TM) SE Runtime Environment (8.0_111-b14) (build 1.8.0_111-b14)
# Java VM: Java HotSpot(TM) 64-Bit Server VM (25.111-b14 mixed mode windows-amd64 compressed oops)
Heap:
 PSYoungGen      total 76288K, used 65323K [0x000000076b400000, 0x0000000773180000, 0x00000007c0000000)
  eden space 65536K, 88% used [0x000000076b400000,0x000000076eccdb50,0x000000076f400000)
  from space 10752K, 66% used [0x000000076fe80000,0x000000077057d368,0x0000000770900000)
  to   space 10752K, 0% used [0x000000076f400000,0x000000076f400000,0x000000076fe80000)
 ParOldGen       total 93696K, used 6364K [0x00000006c1c00000, 0x00000006c7780000, 0x000000076b400000)
  object space 93696K, 6% used [0x00000006c1c00000,0x00000006c2237310,0x00000006c7780000)
 Metaspace       used 27337K, capacity 28982K, committed 29184K, reserved 1075200K
  class space    used 3657K, capacity 3992K, committed 4096K, reserved 1048576K
GC Heap History (10 events):
Event: 1.643 GC heap before
{Heap before GC invocations=1 (full 0):
 PSYoungGen      total 76288K, used 65536K [0x000000076b400000, 0x0000000770900000, 0x00000007c0000000)
  eden space 65536K, 100% used [0x000000076b400000,0x000000076f400000,0x000000076f400000)
  from space 10752K, 0% used [0x000000076fe80000,0x000000076fe80000,0x0000000770900000)
  to   space 10752K, 0% used [0x000000076f400000,0x000000076f400000,0x000000076fe80000)
 ParOldGen       total 175104K, used 0K [0x00000006c1c00000, 0x00000006cc700000, 0x000000076b400000)
  object space 175104K, 0% used [0x00000006c1c00000,0x00000006c1c00000,0x00000006cc700000)
 Metaspace       used 12322K, capacity 13228K, committed 13312K, reserved 1060864K
  class space    used 1560K, capacity 1753K, committed 1792K, reserved 1048576K
Event: 1.650 GC heap after
Heap after GC invocations=1 (full 0):
 PSYoungGen      total 76288K, used 7382K [0x000000076b400000, 0x0000000770900000, 0x00000007c0000000)
  eden space 65536K, 0% used [0x000000076b400000,0x000000076b400000,0x000000076f400000)
  from space 10752K, 68% used [0x000000076f400000,0x000000076fb35a98,0x000000076fe80000)
  to   space 10752K, 0% used [0x000000076fe80000,0x000000076fe80000,0x0000000770900000)
 ParOldGen       total 175104K, used 16K [0x00000006c1c00000, 0x00000006cc700000, 0x000000076b400000)
  object space 175104K, 0% used [0x00000006c1c00000,0x00000006c1c04000,0x00000006cc700000)
 Metaspace       used 12322K, capacity 13228K, committed 13312K, reserved 1060864K
  class space    used 1560K, capacity 1753K, committed 1792K, reserved 1048576K
}
Event: 3.051 GC heap before
{Heap before GC invocations=2 (full 0):
 PSYoungGen      total 76288K, used 72918K [0x000000076b400000, 0x0000000770900000, 0x00000007c0000000)
  eden space 65536K, 100% used [0x000000076b400000,0x000000076f400000,0x000000076f400000)
  from space 10752K, 68% used [0x000000076f400000,0x000000076fb35a98,0x000000076fe80000)
  to   space 10752K, 0% used [0x000000076fe80000,0x000000076fe80000,0x0000000770900000)
 ParOldGen       total 175104K, used 16K [0x00000006c1c00000, 0x00000006cc700000, 0x000000076b400000)
  object space 175104K, 0% used [0x00000006c1c00000,0x00000006c1c04000,0x00000006cc700000)
 Metaspace       used 18465K, capacity 19598K, committed 19840K, reserved 1067008K
  class space    used 2441K, capacity 2672K, committed 2688K, reserved 1048576K
Event: 3.073 GC heap after
Heap after GC invocations=2 (full 0):
 PSYoungGen      total 76288K, used 9012K [0x000000076b400000, 0x0000000770900000, 0x00000007c0000000)
  eden space 65536K, 0% used [0x000000076b400000,0x000000076b400000,0x000000076f400000)
  from space 10752K, 83% used [0x000000076fe80000,0x000000077074d120,0x0000000770900000)
  to   space 10752K, 0% used [0x000000076f400000,0x000000076f400000,0x000000076fe80000)
 ParOldGen       total 175104K, used 24K [0x00000006c1c00000, 0x00000006cc700000, 0x000000076b400000)
  object space 175104K, 0% used [0x00000006c1c00000,0x00000006c1c06000,0x00000006cc700000)
 Metaspace       used 18465K, capacity 19598K, committed 19840K, reserved 1067008K
  class space    used 2441K, capacity 2672K, committed 2688K, reserved 1048576K
}
Event: 3.293 GC heap before
{Heap before GC invocations=3 (full 0):
 PSYoungGen      total 76288K, used 19561K [0x000000076b400000, 0x0000000770900000, 0x00000007c0000000)
  eden space 65536K, 16% used [0x000000076b400000,0x000000076be4d3f8,0x000000076f400000)
  from space 10752K, 83% used [0x000000076fe80000,0x000000077074d120,0x0000000770900000)
  to   space 10752K, 0% used [0x000000076f400000,0x000000076f400000,0x000000076fe80000)
 ParOldGen       total 175104K, used 24K [0x00000006c1c00000, 0x00000006cc700000, 0x000000076b400000)
  object space 175104K, 0% used [0x00000006c1c00000,0x00000006c1c06000,0x00000006cc700000)
 Metaspace       used 20078K, capacity 21134K, committed 21248K, reserved 1067008K
  class space    used 2579K, capacity 2800K, committed 2816K, reserved 1048576K
Event: 3.308 GC heap after
Heap after GC invocations=3 (full 0):
 PSYoungGen      total 76288K, used 6507K [0x000000076b400000, 0x0000000770900000, 0x00000007c0000000)
  eden space 65536K, 0% used [0x000000076b400000,0x000000076b400000,0x000000076f400000)
  from space 10752K, 60% used [0x000000076f400000,0x000000076fa5ad88,0x000000076fe80000)
  to   space 10752K, 0% used [0x000000076fe80000,0x000000076fe80000,0x0000000770900000)
 ParOldGen       total 175104K, used 32K [0x00000006c1c00000, 0x00000006cc700000, 0x000000076b400000)
  object space 175104K, 0% used [0x00000006c1c00000,0x00000006c1c08000,0x00000006cc700000)
 Metaspace       used 20078K, capacity 21134K, committed 21248K, reserved 1067008K
  class space    used 2579K, capacity 2800K, committed 2816K, reserved 1048576K
}
Event: 3.308 GC heap before
{Heap before GC invocations=4 (full 1):
 PSYoungGen      total 76288K, used 6507K [0x000000076b400000, 0x0000000770900000, 0x00000007c0000000)
  eden space 65536K, 0% used [0x000000076b400000,0x000000076b400000,0x000000076f400000)
  from space 10752K, 60% used [0x000000076f400000,0x000000076fa5ad88,0x000000076fe80000)
  to   space 10752K, 0% used [0x000000076fe80000,0x000000076fe80000,0x0000000770900000)
 ParOldGen       total 175104K, used 32K [0x00000006c1c00000, 0x00000006cc700000, 0x000000076b400000)
  object space 175104K, 0% used [0x00000006c1c00000,0x00000006c1c08000,0x00000006cc700000)
 Metaspace       used 20078K, capacity 21134K, committed 21248K, reserved 1067008K
  class space    used 2579K, capacity 2800K, committed 2816K, reserved 1048576K
Event: 3.351 GC heap after
Heap after GC invocations=4 (full 1):
 PSYoungGen      total 76288K, used 0K [0x000000076b400000, 0x0000000770900000, 0x00000007c0000000)
  eden space 65536K, 0% used [0x000000076b400000,0x000000076b400000,0x000000076f400000)
  from space 10752K, 0% used [0x000000076f400000,0x000000076f400000,0x000000076fe80000)
  to   space 10752K, 0% used [0x000000076fe80000,0x000000076fe80000,0x0000000770900000)
 ParOldGen       total 93696K, used 6356K [0x00000006c1c00000, 0x00000006c7780000, 0x000000076b400000)
  object space 93696K, 6% used [0x00000006c1c00000,0x00000006c2235310,0x00000006c7780000)
 Metaspace       used 20078K, capacity 21134K, committed 21248K, reserved 1067008K
  class space    used 2579K, capacity 2800K, committed 2816K, reserved 1048576K
}
Event: 6.277 GC heap before
{Heap before GC invocations=5 (full 1):
 PSYoungGen      total 76288K, used 65536K [0x000000076b400000, 0x0000000770900000, 0x00000007c0000000)
  eden space 65536K, 100% used [0x000000076b400000,0x000000076f400000,0x000000076f400000)
  from space 10752K, 0% used [0x000000076f400000,0x000000076f400000,0x000000076fe80000)
  to   space 10752K, 0% used [0x000000076fe80000,0x000000076fe80000,0x0000000770900000)
 ParOldGen       total 93696K, used 6356K [0x00000006c1c00000, 0x00000006c7780000, 0x000000076b400000)
  object space 93696K, 6% used [0x00000006c1c00000,0x00000006c2235310,0x00000006c7780000)
 Metaspace       used 25377K, capacity 26890K, committed 27136K, reserved 1073152K
  class space    used 3412K, capacity 3738K, committed 3840K, reserved 1048576K
Event: 6.295 GC heap after
Heap after GC invocations=5 (full 1):
 PSYoungGen      total 76288K, used 7156K [0x000000076b400000, 0x0000000773180000, 0x00000007c0000000)
  eden space 65536K, 0% used [0x000000076b400000,0x000000076b400000,0x000000076f400000)
  from space 10752K, 66% used [0x000000076fe80000,0x000000077057d368,0x0000000770900000)
  to   space 10752K, 0% used [0x000000076f400000,0x000000076f400000,0x000000076fe80000)
 ParOldGen       total 93696K, used 6364K [0x00000006c1c00000, 0x00000006c7780000, 0x000000076b400000)
  object space 93696K, 6% used [0x00000006c1c00000,0x00000006c2237310,0x00000006c7780000)
 Metaspace       used 25377K, capacity 26890K, committed 27136K, reserved 1073152K
  class space    used 3412K, capacity 3738K, committed 3840K, reserved 1048576K
}

